<?xml version="1.0" encoding="UTF-8"?>
<!-- Generated by org.testng.reporters.JUnitReportReporter -->
<testsuite hostname="LAPTOP-8LKPNUO4" failures="0" tests="1" name="testCases.PUT_or_Update_a_Product" time="3.576" errors="0" timestamp="2021-05-21T21:50:27 EDT" skipped="0">
  <testcase classname="testCases.PUT_or_Update_a_Product" name="create_a_Product" time="3.576"/>
  <system-out/>
</testsuite> <!-- testCases.PUT_or_Update_a_Product -->
