<?xml version="1.0" encoding="UTF-8"?>
<!-- Generated by org.testng.reporters.JUnitReportReporter -->
<testsuite hostname="LAPTOP-8LKPNUO4" failures="0" tests="1" name="testCases.GET_or_Read_All_Products" time="2.765" errors="0" timestamp="2021-05-20T23:09:20 EDT" skipped="0">
  <testcase classname="testCases.GET_or_Read_All_Products" name="read_All_Products" time="2.765"/>
  <system-out/>
</testsuite> <!-- testCases.GET_or_Read_All_Products -->
